[25-Oct-2022 17:16:15 UTC] PHP Parse error:  syntax error, unexpected 'else' (T_ELSE), expecting end of file in C:\Users\justi\Local Sites\reasondigitalevents\app\public\wp-content\themes\reasondigital\events.php on line 64
[25-Oct-2022 17:16:44 UTC] PHP Parse error:  syntax error, unexpected 'else' (T_ELSE) in C:\Users\justi\Local Sites\reasondigitalevents\app\public\wp-content\themes\reasondigital\events.php on line 58
[25-Oct-2022 17:28:36 UTC] PHP Fatal error:  Uncaught Error: Call to undefined function the_event_name() in C:\Users\justi\Local Sites\reasondigitalevents\app\public\wp-content\themes\reasondigital\events.php:56
Stack trace:
#0 C:\Users\justi\Local Sites\reasondigitalevents\app\public\wp-includes\template-loader.php(106): include()
#1 C:\Users\justi\Local Sites\reasondigitalevents\app\public\wp-blog-header.php(19): require_once('C:\\Users\\justi\\...')
#2 C:\Users\justi\Local Sites\reasondigitalevents\app\public\index.php(17): require('C:\\Users\\justi\\...')
#3 {main}
  thrown in C:\Users\justi\Local Sites\reasondigitalevents\app\public\wp-content\themes\reasondigital\events.php on line 56
[25-Oct-2022 17:28:43 UTC] PHP Warning:  Use of undefined constant event_name - assumed 'event_name' (this will throw an Error in a future version of PHP) in C:\Users\justi\Local Sites\reasondigitalevents\app\public\wp-content\themes\reasondigital\events.php on line 56
[25-Oct-2022 17:28:43 UTC] PHP Stack trace:
[25-Oct-2022 17:28:43 UTC] PHP   1. {main}() C:\Users\justi\Local Sites\reasondigitalevents\app\public\index.php:0
[25-Oct-2022 17:28:43 UTC] PHP   2. require() C:\Users\justi\Local Sites\reasondigitalevents\app\public\index.php:17
[25-Oct-2022 17:28:43 UTC] PHP   3. require_once() C:\Users\justi\Local Sites\reasondigitalevents\app\public\wp-blog-header.php:19
[25-Oct-2022 17:28:43 UTC] PHP   4. include() C:\Users\justi\Local Sites\reasondigitalevents\app\public\wp-includes\template-loader.php:106
[25-Oct-2022 17:28:50 UTC] PHP Fatal error:  Uncaught Error: Call to undefined function event_name() in C:\Users\justi\Local Sites\reasondigitalevents\app\public\wp-content\themes\reasondigital\events.php:56
Stack trace:
#0 C:\Users\justi\Local Sites\reasondigitalevents\app\public\wp-includes\template-loader.php(106): include()
#1 C:\Users\justi\Local Sites\reasondigitalevents\app\public\wp-blog-header.php(19): require_once('C:\\Users\\justi\\...')
#2 C:\Users\justi\Local Sites\reasondigitalevents\app\public\index.php(17): require('C:\\Users\\justi\\...')
#3 {main}
  thrown in C:\Users\justi\Local Sites\reasondigitalevents\app\public\wp-content\themes\reasondigital\events.php on line 56
[25-Oct-2022 17:37:10 UTC] PHP Fatal error:  Uncaught Error: Call to undefined function twenty_twenty_one_get_icon_svg() in C:\Users\justi\Local Sites\reasondigitalevents\app\public\wp-content\themes\reasondigital\single.php:36
Stack trace:
#0 C:\Users\justi\Local Sites\reasondigitalevents\app\public\wp-includes\template-loader.php(106): include()
#1 C:\Users\justi\Local Sites\reasondigitalevents\app\public\wp-blog-header.php(19): require_once('C:\\Users\\justi\\...')
#2 C:\Users\justi\Local Sites\reasondigitalevents\app\public\index.php(17): require('C:\\Users\\justi\\...')
#3 {main}
  thrown in C:\Users\justi\Local Sites\reasondigitalevents\app\public\wp-content\themes\reasondigital\single.php on line 36
